I, [2014-02-07T19:25:12.441903 #96380]  INFO -- : 3:  multi_json (1.8.4) from /opt/boxen/rbenv/versions/2.0.0-p353/lib/ruby/gems/2.0.0/specifications/multi_json-1.8.4.gemspec
# Logfile created on 2014-02-07 19:25:12 +0700 by logger.rb/41954
I, [2014-02-07T19:25:12.445303 #96380]  INFO -- : 3:  atomic (1.1.14) from /opt/boxen/rbenv/versions/2.0.0-p353/lib/ruby/gems/2.0.0/specifications/atomic-1.1.14.gemspec
I, [2014-02-07T19:25:12.445958 #96378]  INFO -- : 1:  minitest (4.7.5) from /opt/boxen/rbenv/versions/2.0.0-p353/lib/ruby/gems/2.0.0/specifications/minitest-4.7.5.gemspec
I, [2014-02-07T19:25:12.447482 #96380]  INFO -- : 3:  tzinfo (0.3.38) from /opt/boxen/rbenv/versions/2.0.0-p353/lib/ruby/gems/2.0.0/specifications/tzinfo-0.3.38.gemspec
I, [2014-02-07T19:25:12.449385 #96378]  INFO -- : 1:  builder (3.1.4) from /opt/boxen/rbenv/versions/2.0.0-p353/lib/ruby/gems/2.0.0/specifications/builder-3.1.4.gemspec
I, [2014-02-07T19:25:12.450023 #96380]  INFO -- : 3:  erubis (2.7.0) from /opt/boxen/rbenv/versions/2.0.0-p353/lib/ruby/gems/2.0.0/specifications/erubis-2.7.0.gemspec
I, [2014-02-07T19:25:12.447513 #96379]  INFO -- : 2:  rake (10.1.1) from /opt/boxen/rbenv/versions/2.0.0-p353/lib/ruby/gems/2.0.0/specifications/rake-10.1.1.gemspec
I, [2014-02-07T19:25:12.448719 #96377]  INFO -- : 0:  i18n (0.6.9) from /opt/boxen/rbenv/versions/2.0.0-p353/lib/ruby/gems/2.0.0/specifications/i18n-0.6.9.gemspec
I, [2014-02-07T19:25:12.451687 #96379]  INFO -- : 2:  mime-types (1.25.1) from /opt/boxen/rbenv/versions/2.0.0-p353/lib/ruby/gems/2.0.0/specifications/mime-types-1.25.1.gemspec
I, [2014-02-07T19:25:12.452565 #96377]  INFO -- : 0:  polyglot (0.3.3) from /opt/boxen/rbenv/versions/2.0.0-p353/lib/ruby/gems/2.0.0/specifications/polyglot-0.3.3.gemspec
I, [2014-02-07T19:25:12.454286 #96380]  INFO -- : 3:  activerecord-deprecated_finders (1.0.3) from /opt/boxen/rbenv/versions/2.0.0-p353/lib/ruby/gems/2.0.0/specifications/activerecord-deprecated_finders-1.0.3.gemspec
I, [2014-02-07T19:25:12.455701 #96378]  INFO -- : 1:  rack (1.5.2) from /opt/boxen/rbenv/versions/2.0.0-p353/lib/ruby/gems/2.0.0/specifications/rack-1.5.2.gemspec
I, [2014-02-07T19:25:12.457240 #96377]  INFO -- : 0:  bundler (1.5.1) from /opt/boxen/rbenv/versions/2.0.0-p353/lib/ruby/gems/2.0.0/specifications/bundler-1.5.1.gemspec
I, [2014-02-07T19:25:12.458070 #96380]  INFO -- : 3:  execjs (2.0.2) from /opt/boxen/rbenv/versions/2.0.0-p353/lib/ruby/gems/2.0.0/specifications/execjs-2.0.2.gemspec
I, [2014-02-07T19:25:12.460165 #96380]  INFO -- : 3:  diff-lcs (1.2.5) from /opt/boxen/rbenv/versions/2.0.0-p353/lib/ruby/gems/2.0.0/specifications/diff-lcs-1.2.5.gemspec
I, [2014-02-07T19:25:12.460067 #96377]  INFO -- : 0:  thor (0.18.1) from /opt/boxen/rbenv/versions/2.0.0-p353/lib/ruby/gems/2.0.0/specifications/thor-0.18.1.gemspec
I, [2014-02-07T19:25:12.462387 #96380]  INFO -- : 3:  hike (1.2.3) from /opt/boxen/rbenv/versions/2.0.0-p353/lib/ruby/gems/2.0.0/specifications/hike-1.2.3.gemspec
I, [2014-02-07T19:25:12.464007 #96377]  INFO -- : 0:  json (1.8.1) from /opt/boxen/rbenv/versions/2.0.0-p353/lib/ruby/gems/2.0.0/specifications/json-1.8.1.gemspec
I, [2014-02-07T19:25:12.464497 #96380]  INFO -- : 3:  tilt (1.4.1) from /opt/boxen/rbenv/versions/2.0.0-p353/lib/ruby/gems/2.0.0/specifications/tilt-1.4.1.gemspec
I, [2014-02-07T19:25:12.465757 #96377]  INFO -- : 0:  rspec-core (2.14.7) from /opt/boxen/rbenv/versions/2.0.0-p353/lib/ruby/gems/2.0.0/specifications/rspec-core-2.14.7.gemspec
I, [2014-02-07T19:25:16.618743 #96380]  INFO -- : 3:  rspec-mocks (2.14.4) from /opt/boxen/rbenv/versions/2.0.0-p353/lib/ruby/gems/2.0.0/specifications/rspec-mocks-2.14.4.gemspec
I, [2014-02-07T19:25:16.849717 #96379]  INFO -- : 2:  arel (4.0.1) from /opt/boxen/rbenv/versions/2.0.0-p353/lib/ruby/gems/2.0.0/specifications/arel-4.0.1.gemspec
I, [2014-02-07T19:25:16.851539 #96379]  INFO -- : 2:  thread_safe (0.1.3) from /opt/boxen/rbenv/versions/2.0.0-p353/lib/ruby/gems/2.0.0/specifications/thread_safe-0.1.3.gemspec
I, [2014-02-07T19:25:16.852545 #96379]  INFO -- : 2:  treetop (1.4.15) from /opt/boxen/rbenv/versions/2.0.0-p353/lib/ruby/gems/2.0.0/specifications/treetop-1.4.15.gemspec
I, [2014-02-07T19:25:16.853485 #96379]  INFO -- : 2:  rack-test (0.6.2) from /opt/boxen/rbenv/versions/2.0.0-p353/lib/ruby/gems/2.0.0/specifications/rack-test-0.6.2.gemspec
I, [2014-02-07T19:25:17.049355 #96378]  INFO -- : 1:  coffee-script-source (1.6.3) from /opt/boxen/rbenv/versions/2.0.0-p353/lib/ruby/gems/2.0.0/specifications/coffee-script-source-1.6.3.gemspec
I, [2014-02-07T19:25:17.295106 #96377]  INFO -- : 0:  sass (3.2.13) from /opt/boxen/rbenv/versions/2.0.0-p353/lib/ruby/gems/2.0.0/specifications/sass-3.2.13.gemspec
I, [2014-02-07T19:25:17.296231 #96377]  INFO -- : 0:  uglifier (2.4.0) from /opt/boxen/rbenv/versions/2.0.0-p353/lib/ruby/gems/2.0.0/specifications/uglifier-2.4.0.gemspec
I, [2014-02-07T19:25:17.297310 #96377]  INFO -- : 0:  sprockets (2.10.1) from /opt/boxen/rbenv/versions/2.0.0-p353/lib/ruby/gems/2.0.0/specifications/sprockets-2.10.1.gemspec
I, [2014-02-07T19:25:22.369598 #96380]  INFO -- : 3:  sqlite3 (1.3.8) from /opt/boxen/rbenv/versions/2.0.0-p353/lib/ruby/gems/2.0.0/specifications/sqlite3-1.3.8.gemspec
I, [2014-02-07T19:25:22.371506 #96380]  INFO -- : 3:  mail (2.5.4) from /opt/boxen/rbenv/versions/2.0.0-p353/lib/ruby/gems/2.0.0/specifications/mail-2.5.4.gemspec
I, [2014-02-07T19:25:22.372812 #96380]  INFO -- : 3:  coffee-script (2.2.0) from /opt/boxen/rbenv/versions/2.0.0-p353/lib/ruby/gems/2.0.0/specifications/coffee-script-2.2.0.gemspec
I, [2014-02-07T19:25:22.981506 #96379]  INFO -- : 2:  rspec-expectations (2.14.4) from /opt/boxen/rbenv/versions/2.0.0-p353/lib/ruby/gems/2.0.0/specifications/rspec-expectations-2.14.4.gemspec
I, [2014-02-07T19:25:23.120835 #96377]  INFO -- : 0:  activesupport (4.0.0) from /opt/boxen/rbenv/versions/2.0.0-p353/lib/ruby/gems/2.0.0/specifications/activesupport-4.0.0.gemspec
I, [2014-02-07T19:25:25.782486 #96377]  INFO -- : 0:  jbuilder (1.5.3) from /opt/boxen/rbenv/versions/2.0.0-p353/lib/ruby/gems/2.0.0/specifications/jbuilder-1.5.3.gemspec
I, [2014-02-07T19:25:26.973396 #96379]  INFO -- : 2:  activemodel (4.0.0) from /opt/boxen/rbenv/versions/2.0.0-p353/lib/ruby/gems/2.0.0/specifications/activemodel-4.0.0.gemspec
I, [2014-02-07T19:25:28.301317 #96380]  INFO -- : 3:  actionpack (4.0.0) from /opt/boxen/rbenv/versions/2.0.0-p353/lib/ruby/gems/2.0.0/specifications/actionpack-4.0.0.gemspec
I, [2014-02-07T19:25:29.438733 #96378]  INFO -- : 1:  rdoc (4.1.1) from /opt/boxen/rbenv/versions/2.0.0-p353/lib/ruby/gems/2.0.0/specifications/rdoc-4.1.1.gemspec
I, [2014-02-07T19:25:29.440364 #96378]  INFO -- : 1:  sprockets-rails (2.0.1) from /opt/boxen/rbenv/versions/2.0.0-p353/lib/ruby/gems/2.0.0/specifications/sprockets-rails-2.0.1.gemspec
I, [2014-02-07T19:25:31.081258 #96379]  INFO -- : 2:  actionmailer (4.0.0) from /opt/boxen/rbenv/versions/2.0.0-p353/lib/ruby/gems/2.0.0/specifications/actionmailer-4.0.0.gemspec
I, [2014-02-07T19:25:32.263142 #96377]  INFO -- : 0:  activerecord (4.0.0) from /opt/boxen/rbenv/versions/2.0.0-p353/lib/ruby/gems/2.0.0/specifications/activerecord-4.0.0.gemspec
I, [2014-02-07T19:25:34.122450 #96380]  INFO -- : 3:  railties (4.0.0) from /opt/boxen/rbenv/versions/2.0.0-p353/lib/ruby/gems/2.0.0/specifications/railties-4.0.0.gemspec
I, [2014-02-07T19:25:34.124641 #96380]  INFO -- : 3:  coffee-rails (4.0.1) from /opt/boxen/rbenv/versions/2.0.0-p353/lib/ruby/gems/2.0.0/specifications/coffee-rails-4.0.1.gemspec
I, [2014-02-07T19:25:34.125954 #96380]  INFO -- : 3:  rspec-rails (2.14.1) from /opt/boxen/rbenv/versions/2.0.0-p353/lib/ruby/gems/2.0.0/specifications/rspec-rails-2.14.1.gemspec
I, [2014-02-07T19:25:34.127005 #96380]  INFO -- : 3:  sass-rails (4.0.1) from /opt/boxen/rbenv/versions/2.0.0-p353/lib/ruby/gems/2.0.0/specifications/sass-rails-4.0.1.gemspec
I, [2014-02-07T19:25:34.355369 #96378]  INFO -- : 1:  sdoc (0.4.0) from /opt/boxen/rbenv/versions/2.0.0-p353/lib/ruby/gems/2.0.0/specifications/sdoc-0.4.0.gemspec
I, [2014-02-07T19:25:37.569416 #96380]  INFO -- : 3:  turbolinks (2.2.0) from /opt/boxen/rbenv/versions/2.0.0-p353/lib/ruby/gems/2.0.0/specifications/turbolinks-2.2.0.gemspec
I, [2014-02-07T19:25:41.175286 #96377]  INFO -- : 0:  rails (4.0.0) from /opt/boxen/rbenv/versions/2.0.0-p353/lib/ruby/gems/2.0.0/specifications/rails-4.0.0.gemspec
I, [2014-02-07T19:25:42.554807 #96379]  INFO -- : 2:  jquery-rails (3.0.4) from /opt/boxen/rbenv/versions/2.0.0-p353/lib/ruby/gems/2.0.0/specifications/jquery-rails-3.0.4.gemspec
I, [2014-02-07T19:26:27.335083 #96647]  INFO -- : 3:  minitest (4.7.5) from /opt/boxen/rbenv/versions/2.0.0-p353/lib/ruby/gems/2.0.0/specifications/minitest-4.7.5.gemspec
I, [2014-02-07T19:26:27.335313 #96646]  INFO -- : 2:  rake (10.1.1) from /opt/boxen/rbenv/versions/2.0.0-p353/lib/ruby/gems/2.0.0/specifications/rake-10.1.1.gemspec
I, [2014-02-07T19:26:27.335988 #96645]  INFO -- : 1:  multi_json (1.8.4) from /opt/boxen/rbenv/versions/2.0.0-p353/lib/ruby/gems/2.0.0/specifications/multi_json-1.8.4.gemspec
I, [2014-02-07T19:26:27.336098 #96644]  INFO -- : 0:  i18n (0.6.9) from /opt/boxen/rbenv/versions/2.0.0-p353/lib/ruby/gems/2.0.0/specifications/i18n-0.6.9.gemspec
I, [2014-02-07T19:26:27.340543 #96647]  INFO -- : 3:  atomic (1.1.14) from /opt/boxen/rbenv/versions/2.0.0-p353/lib/ruby/gems/2.0.0/specifications/atomic-1.1.14.gemspec
I, [2014-02-07T19:26:27.341217 #96645]  INFO -- : 1:  builder (3.1.4) from /opt/boxen/rbenv/versions/2.0.0-p353/lib/ruby/gems/2.0.0/specifications/builder-3.1.4.gemspec
I, [2014-02-07T19:26:27.341217 #96646]  INFO -- : 2:  tzinfo (0.3.38) from /opt/boxen/rbenv/versions/2.0.0-p353/lib/ruby/gems/2.0.0/specifications/tzinfo-0.3.38.gemspec
I, [2014-02-07T19:26:27.341559 #96644]  INFO -- : 0:  erubis (2.7.0) from /opt/boxen/rbenv/versions/2.0.0-p353/lib/ruby/gems/2.0.0/specifications/erubis-2.7.0.gemspec
I, [2014-02-07T19:26:27.343316 #96647]  INFO -- : 3:  rack (1.5.2) from /opt/boxen/rbenv/versions/2.0.0-p353/lib/ruby/gems/2.0.0/specifications/rack-1.5.2.gemspec
I, [2014-02-07T19:26:27.344441 #96646]  INFO -- : 2:  mime-types (1.25.1) from /opt/boxen/rbenv/versions/2.0.0-p353/lib/ruby/gems/2.0.0/specifications/mime-types-1.25.1.gemspec
I, [2014-02-07T19:26:27.344772 #96645]  INFO -- : 1:  polyglot (0.3.3) from /opt/boxen/rbenv/versions/2.0.0-p353/lib/ruby/gems/2.0.0/specifications/polyglot-0.3.3.gemspec
I, [2014-02-07T19:26:27.345089 #96644]  INFO -- : 0:  activerecord-deprecated_finders (1.0.3) from /opt/boxen/rbenv/versions/2.0.0-p353/lib/ruby/gems/2.0.0/specifications/activerecord-deprecated_finders-1.0.3.gemspec
I, [2014-02-07T19:26:27.345660 #96647]  INFO -- : 3:  arel (4.0.1) from /opt/boxen/rbenv/versions/2.0.0-p353/lib/ruby/gems/2.0.0/specifications/arel-4.0.1.gemspec
I, [2014-02-07T19:26:27.346309 #96646]  INFO -- : 2:  bundler (1.5.1) from /opt/boxen/rbenv/versions/2.0.0-p353/lib/ruby/gems/2.0.0/specifications/bundler-1.5.1.gemspec
I, [2014-02-07T19:26:27.346643 #96645]  INFO -- : 1:  coffee-script-source (1.6.3) from /opt/boxen/rbenv/versions/2.0.0-p353/lib/ruby/gems/2.0.0/specifications/coffee-script-source-1.6.3.gemspec
I, [2014-02-07T19:26:27.347005 #96644]  INFO -- : 0:  execjs (2.0.2) from /opt/boxen/rbenv/versions/2.0.0-p353/lib/ruby/gems/2.0.0/specifications/execjs-2.0.2.gemspec
I, [2014-02-07T19:26:27.347380 #96647]  INFO -- : 3:  thor (0.18.1) from /opt/boxen/rbenv/versions/2.0.0-p353/lib/ruby/gems/2.0.0/specifications/thor-0.18.1.gemspec
I, [2014-02-07T19:26:27.348112 #96646]  INFO -- : 2:  diff-lcs (1.2.5) from /opt/boxen/rbenv/versions/2.0.0-p353/lib/ruby/gems/2.0.0/specifications/diff-lcs-1.2.5.gemspec
I, [2014-02-07T19:26:27.348158 #96645]  INFO -- : 1:  hike (1.2.3) from /opt/boxen/rbenv/versions/2.0.0-p353/lib/ruby/gems/2.0.0/specifications/hike-1.2.3.gemspec
I, [2014-02-07T19:26:27.348717 #96644]  INFO -- : 0:  json (1.8.1) from /opt/boxen/rbenv/versions/2.0.0-p353/lib/ruby/gems/2.0.0/specifications/json-1.8.1.gemspec
I, [2014-02-07T19:26:27.349182 #96647]  INFO -- : 3:  tilt (1.4.1) from /opt/boxen/rbenv/versions/2.0.0-p353/lib/ruby/gems/2.0.0/specifications/tilt-1.4.1.gemspec
I, [2014-02-07T19:26:27.349827 #96646]  INFO -- : 2:  rspec-core (2.14.7) from /opt/boxen/rbenv/versions/2.0.0-p353/lib/ruby/gems/2.0.0/specifications/rspec-core-2.14.7.gemspec
I, [2014-02-07T19:26:27.350281 #96645]  INFO -- : 1:  rspec-mocks (2.14.4) from /opt/boxen/rbenv/versions/2.0.0-p353/lib/ruby/gems/2.0.0/specifications/rspec-mocks-2.14.4.gemspec
I, [2014-02-07T19:26:27.350470 #96644]  INFO -- : 0:  sass (3.2.13) from /opt/boxen/rbenv/versions/2.0.0-p353/lib/ruby/gems/2.0.0/specifications/sass-3.2.13.gemspec
I, [2014-02-07T19:26:27.350575 #96647]  INFO -- : 3:  sqlite3 (1.3.8) from /opt/boxen/rbenv/versions/2.0.0-p353/lib/ruby/gems/2.0.0/specifications/sqlite3-1.3.8.gemspec
I, [2014-02-07T19:26:27.351502 #96646]  INFO -- : 2:  thread_safe (0.1.3) from /opt/boxen/rbenv/versions/2.0.0-p353/lib/ruby/gems/2.0.0/specifications/thread_safe-0.1.3.gemspec
I, [2014-02-07T19:26:27.351793 #96645]  INFO -- : 1:  rack-test (0.6.2) from /opt/boxen/rbenv/versions/2.0.0-p353/lib/ruby/gems/2.0.0/specifications/rack-test-0.6.2.gemspec
I, [2014-02-07T19:26:27.352044 #96644]  INFO -- : 0:  treetop (1.4.15) from /opt/boxen/rbenv/versions/2.0.0-p353/lib/ruby/gems/2.0.0/specifications/treetop-1.4.15.gemspec
I, [2014-02-07T19:26:27.352566 #96647]  INFO -- : 3:  coffee-script (2.2.0) from /opt/boxen/rbenv/versions/2.0.0-p353/lib/ruby/gems/2.0.0/specifications/coffee-script-2.2.0.gemspec
I, [2014-02-07T19:26:27.353738 #96645]  INFO -- : 1:  rspec-expectations (2.14.4) from /opt/boxen/rbenv/versions/2.0.0-p353/lib/ruby/gems/2.0.0/specifications/rspec-expectations-2.14.4.gemspec
I, [2014-02-07T19:26:27.354017 #96644]  INFO -- : 0:  rdoc (4.1.1) from /opt/boxen/rbenv/versions/2.0.0-p353/lib/ruby/gems/2.0.0/specifications/rdoc-4.1.1.gemspec
I, [2014-02-07T19:26:27.354137 #96647]  INFO -- : 3:  sprockets (2.10.1) from /opt/boxen/rbenv/versions/2.0.0-p353/lib/ruby/gems/2.0.0/specifications/sprockets-2.10.1.gemspec
I, [2014-02-07T19:26:27.355265 #96645]  INFO -- : 1:  activesupport (4.0.0) from /opt/boxen/rbenv/versions/2.0.0-p353/lib/ruby/gems/2.0.0/specifications/activesupport-4.0.0.gemspec
I, [2014-02-07T19:26:27.355528 #96644]  INFO -- : 0:  mail (2.5.4) from /opt/boxen/rbenv/versions/2.0.0-p353/lib/ruby/gems/2.0.0/specifications/mail-2.5.4.gemspec
I, [2014-02-07T19:26:27.355777 #96647]  INFO -- : 3:  sdoc (0.4.0) from /opt/boxen/rbenv/versions/2.0.0-p353/lib/ruby/gems/2.0.0/specifications/sdoc-0.4.0.gemspec
I, [2014-02-07T19:26:27.357120 #96645]  INFO -- : 1:  actionpack (4.0.0) from /opt/boxen/rbenv/versions/2.0.0-p353/lib/ruby/gems/2.0.0/specifications/actionpack-4.0.0.gemspec
I, [2014-02-07T19:26:27.357868 #96644]  INFO -- : 0:  activemodel (4.0.0) from /opt/boxen/rbenv/versions/2.0.0-p353/lib/ruby/gems/2.0.0/specifications/activemodel-4.0.0.gemspec
I, [2014-02-07T19:26:27.358196 #96647]  INFO -- : 3:  jbuilder (1.5.3) from /opt/boxen/rbenv/versions/2.0.0-p353/lib/ruby/gems/2.0.0/specifications/jbuilder-1.5.3.gemspec
I, [2014-02-07T19:26:27.358701 #96645]  INFO -- : 1:  actionmailer (4.0.0) from /opt/boxen/rbenv/versions/2.0.0-p353/lib/ruby/gems/2.0.0/specifications/actionmailer-4.0.0.gemspec
I, [2014-02-07T19:26:27.361101 #96644]  INFO -- : 0:  railties (4.0.0) from /opt/boxen/rbenv/versions/2.0.0-p353/lib/ruby/gems/2.0.0/specifications/railties-4.0.0.gemspec
I, [2014-02-07T19:26:27.362701 #96645]  INFO -- : 1:  activerecord (4.0.0) from /opt/boxen/rbenv/versions/2.0.0-p353/lib/ruby/gems/2.0.0/specifications/activerecord-4.0.0.gemspec
I, [2014-02-07T19:26:27.362173 #96647]  INFO -- : 3:  sprockets-rails (2.0.1) from /opt/boxen/rbenv/versions/2.0.0-p353/lib/ruby/gems/2.0.0/specifications/sprockets-rails-2.0.1.gemspec
I, [2014-02-07T19:26:27.364333 #96645]  INFO -- : 1:  jquery-rails (3.0.4) from /opt/boxen/rbenv/versions/2.0.0-p353/lib/ruby/gems/2.0.0/specifications/jquery-rails-3.0.4.gemspec
I, [2014-02-07T19:26:27.364655 #96644]  INFO -- : 0:  coffee-rails (4.0.1) from /opt/boxen/rbenv/versions/2.0.0-p353/lib/ruby/gems/2.0.0/specifications/coffee-rails-4.0.1.gemspec
I, [2014-02-07T19:26:27.365215 #96647]  INFO -- : 3:  rspec-rails (2.14.1) from /opt/boxen/rbenv/versions/2.0.0-p353/lib/ruby/gems/2.0.0/specifications/rspec-rails-2.14.1.gemspec
I, [2014-02-07T19:26:27.368254 #96644]  INFO -- : 0:  sass-rails (4.0.1) from /opt/boxen/rbenv/versions/2.0.0-p353/lib/ruby/gems/2.0.0/specifications/sass-rails-4.0.1.gemspec
I, [2014-02-07T19:26:27.368397 #96645]  INFO -- : 1:  rails (4.0.0) from /opt/boxen/rbenv/versions/2.0.0-p353/lib/ruby/gems/2.0.0/specifications/rails-4.0.0.gemspec
I, [2014-02-07T19:26:27.368878 #96647]  INFO -- : 3:  turbolinks (2.2.0) from /opt/boxen/rbenv/versions/2.0.0-p353/lib/ruby/gems/2.0.0/specifications/turbolinks-2.2.0.gemspec
I, [2014-02-07T19:26:31.919364 #96646]  INFO -- : 2:  uglifier (2.1.1) from /opt/boxen/rbenv/versions/2.0.0-p353/lib/ruby/gems/2.0.0/specifications/uglifier-2.1.1.gemspec
I, [2014-02-07T19:30:08.199254 #96724]  INFO -- : 0:  minitest (4.7.5) from /opt/boxen/rbenv/versions/2.0.0-p353/lib/ruby/gems/2.0.0/specifications/minitest-4.7.5.gemspec
I, [2014-02-07T19:30:08.200723 #96727]  INFO -- : 3:  i18n (0.6.9) from /opt/boxen/rbenv/versions/2.0.0-p353/lib/ruby/gems/2.0.0/specifications/i18n-0.6.9.gemspec
I, [2014-02-07T19:30:08.201720 #96725]  INFO -- : 1:  multi_json (1.8.4) from /opt/boxen/rbenv/versions/2.0.0-p353/lib/ruby/gems/2.0.0/specifications/multi_json-1.8.4.gemspec
I, [2014-02-07T19:30:08.202842 #96726]  INFO -- : 2:  rake (10.1.1) from /opt/boxen/rbenv/versions/2.0.0-p353/lib/ruby/gems/2.0.0/specifications/rake-10.1.1.gemspec
I, [2014-02-07T19:30:08.204587 #96724]  INFO -- : 0:  atomic (1.1.14) from /opt/boxen/rbenv/versions/2.0.0-p353/lib/ruby/gems/2.0.0/specifications/atomic-1.1.14.gemspec
I, [2014-02-07T19:30:08.205172 #96727]  INFO -- : 3:  tzinfo (0.3.38) from /opt/boxen/rbenv/versions/2.0.0-p353/lib/ruby/gems/2.0.0/specifications/tzinfo-0.3.38.gemspec
I, [2014-02-07T19:30:08.205908 #96725]  INFO -- : 1:  builder (3.1.4) from /opt/boxen/rbenv/versions/2.0.0-p353/lib/ruby/gems/2.0.0/specifications/builder-3.1.4.gemspec
I, [2014-02-07T19:30:08.206890 #96726]  INFO -- : 2:  erubis (2.7.0) from /opt/boxen/rbenv/versions/2.0.0-p353/lib/ruby/gems/2.0.0/specifications/erubis-2.7.0.gemspec
I, [2014-02-07T19:30:08.208675 #96724]  INFO -- : 0:  rack (1.5.2) from /opt/boxen/rbenv/versions/2.0.0-p353/lib/ruby/gems/2.0.0/specifications/rack-1.5.2.gemspec
I, [2014-02-07T19:30:08.209264 #96727]  INFO -- : 3:  mime-types (1.25.1) from /opt/boxen/rbenv/versions/2.0.0-p353/lib/ruby/gems/2.0.0/specifications/mime-types-1.25.1.gemspec
I, [2014-02-07T19:30:08.209997 #96725]  INFO -- : 1:  polyglot (0.3.3) from /opt/boxen/rbenv/versions/2.0.0-p353/lib/ruby/gems/2.0.0/specifications/polyglot-0.3.3.gemspec
I, [2014-02-07T19:30:08.210643 #96726]  INFO -- : 2:  activerecord-deprecated_finders (1.0.3) from /opt/boxen/rbenv/versions/2.0.0-p353/lib/ruby/gems/2.0.0/specifications/activerecord-deprecated_finders-1.0.3.gemspec
I, [2014-02-07T19:30:08.211158 #96724]  INFO -- : 0:  arel (4.0.2) from /opt/boxen/rbenv/versions/2.0.0-p353/lib/ruby/gems/2.0.0/specifications/arel-4.0.2.gemspec
I, [2014-02-07T19:30:08.211758 #96727]  INFO -- : 3:  bundler (1.5.1) from /opt/boxen/rbenv/versions/2.0.0-p353/lib/ruby/gems/2.0.0/specifications/bundler-1.5.1.gemspec
I, [2014-02-07T19:30:08.212212 #96725]  INFO -- : 1:  coffee-script-source (1.7.0) from /opt/boxen/rbenv/versions/2.0.0-p353/lib/ruby/gems/2.0.0/specifications/coffee-script-source-1.7.0.gemspec
I, [2014-02-07T19:30:08.212646 #96726]  INFO -- : 2:  execjs (2.0.2) from /opt/boxen/rbenv/versions/2.0.0-p353/lib/ruby/gems/2.0.0/specifications/execjs-2.0.2.gemspec
I, [2014-02-07T19:30:08.213253 #96724]  INFO -- : 0:  thor (0.18.1) from /opt/boxen/rbenv/versions/2.0.0-p353/lib/ruby/gems/2.0.0/specifications/thor-0.18.1.gemspec
I, [2014-02-07T19:30:08.213801 #96727]  INFO -- : 3:  diff-lcs (1.2.5) from /opt/boxen/rbenv/versions/2.0.0-p353/lib/ruby/gems/2.0.0/specifications/diff-lcs-1.2.5.gemspec
I, [2014-02-07T19:30:08.215189 #96725]  INFO -- : 1:  hike (1.2.3) from /opt/boxen/rbenv/versions/2.0.0-p353/lib/ruby/gems/2.0.0/specifications/hike-1.2.3.gemspec
I, [2014-02-07T19:30:08.216208 #96726]  INFO -- : 2:  json (1.8.1) from /opt/boxen/rbenv/versions/2.0.0-p353/lib/ruby/gems/2.0.0/specifications/json-1.8.1.gemspec
I, [2014-02-07T19:30:08.216075 #96724]  INFO -- : 0:  tilt (1.4.1) from /opt/boxen/rbenv/versions/2.0.0-p353/lib/ruby/gems/2.0.0/specifications/tilt-1.4.1.gemspec
I, [2014-02-07T19:30:08.216677 #96727]  INFO -- : 3:  rspec-core (2.14.7) from /opt/boxen/rbenv/versions/2.0.0-p353/lib/ruby/gems/2.0.0/specifications/rspec-core-2.14.7.gemspec
I, [2014-02-07T19:30:08.217377 #96725]  INFO -- : 1:  rspec-mocks (2.14.5) from /opt/boxen/rbenv/versions/2.0.0-p353/lib/ruby/gems/2.0.0/specifications/rspec-mocks-2.14.5.gemspec
I, [2014-02-07T19:30:08.218022 #96726]  INFO -- : 2:  sass (3.2.14) from /opt/boxen/rbenv/versions/2.0.0-p353/lib/ruby/gems/2.0.0/specifications/sass-3.2.14.gemspec
I, [2014-02-07T19:30:08.218282 #96727]  INFO -- : 3:  sqlite3 (1.3.8) from /opt/boxen/rbenv/versions/2.0.0-p353/lib/ruby/gems/2.0.0/specifications/sqlite3-1.3.8.gemspec
I, [2014-02-07T19:30:08.218848 #96724]  INFO -- : 0:  thread_safe (0.1.3) from /opt/boxen/rbenv/versions/2.0.0-p353/lib/ruby/gems/2.0.0/specifications/thread_safe-0.1.3.gemspec
I, [2014-02-07T19:30:08.219275 #96725]  INFO -- : 1:  rack-test (0.6.2) from /opt/boxen/rbenv/versions/2.0.0-p353/lib/ruby/gems/2.0.0/specifications/rack-test-0.6.2.gemspec
I, [2014-02-07T19:30:08.219971 #96726]  INFO -- : 2:  treetop (1.4.15) from /opt/boxen/rbenv/versions/2.0.0-p353/lib/ruby/gems/2.0.0/specifications/treetop-1.4.15.gemspec
I, [2014-02-07T19:30:08.221034 #96727]  INFO -- : 3:  coffee-script (2.2.0) from /opt/boxen/rbenv/versions/2.0.0-p353/lib/ruby/gems/2.0.0/specifications/coffee-script-2.2.0.gemspec
I, [2014-02-07T19:30:08.221657 #96724]  INFO -- : 0:  uglifier (2.1.1) from /opt/boxen/rbenv/versions/2.0.0-p353/lib/ruby/gems/2.0.0/specifications/uglifier-2.1.1.gemspec
I, [2014-02-07T19:30:08.222084 #96725]  INFO -- : 1:  rspec-expectations (2.14.5) from /opt/boxen/rbenv/versions/2.0.0-p353/lib/ruby/gems/2.0.0/specifications/rspec-expectations-2.14.5.gemspec
I, [2014-02-07T19:30:08.222330 #96726]  INFO -- : 2:  rdoc (4.1.1) from /opt/boxen/rbenv/versions/2.0.0-p353/lib/ruby/gems/2.0.0/specifications/rdoc-4.1.1.gemspec
I, [2014-02-07T19:30:08.223816 #96727]  INFO -- : 3:  sprockets (2.10.1) from /opt/boxen/rbenv/versions/2.0.0-p353/lib/ruby/gems/2.0.0/specifications/sprockets-2.10.1.gemspec
I, [2014-02-07T19:30:08.224004 #96724]  INFO -- : 0:  activesupport (4.0.2) from /opt/boxen/rbenv/versions/2.0.0-p353/lib/ruby/gems/2.0.0/specifications/activesupport-4.0.2.gemspec
I, [2014-02-07T19:30:08.224327 #96725]  INFO -- : 1:  mail (2.5.4) from /opt/boxen/rbenv/versions/2.0.0-p353/lib/ruby/gems/2.0.0/specifications/mail-2.5.4.gemspec
I, [2014-02-07T19:30:08.224584 #96726]  INFO -- : 2:  sdoc (0.4.0) from /opt/boxen/rbenv/versions/2.0.0-p353/lib/ruby/gems/2.0.0/specifications/sdoc-0.4.0.gemspec
I, [2014-02-07T19:30:08.225658 #96724]  INFO -- : 0:  actionpack (4.0.2) from /opt/boxen/rbenv/versions/2.0.0-p353/lib/ruby/gems/2.0.0/specifications/actionpack-4.0.2.gemspec
I, [2014-02-07T19:30:08.225898 #96727]  INFO -- : 3:  activemodel (4.0.2) from /opt/boxen/rbenv/versions/2.0.0-p353/lib/ruby/gems/2.0.0/specifications/activemodel-4.0.2.gemspec
I, [2014-02-07T19:30:08.226107 #96725]  INFO -- : 1:  jbuilder (1.5.3) from /opt/boxen/rbenv/versions/2.0.0-p353/lib/ruby/gems/2.0.0/specifications/jbuilder-1.5.3.gemspec
I, [2014-02-07T19:30:08.227011 #96724]  INFO -- : 0:  actionmailer (4.0.2) from /opt/boxen/rbenv/versions/2.0.0-p353/lib/ruby/gems/2.0.0/specifications/actionmailer-4.0.2.gemspec
I, [2014-02-07T19:30:08.227077 #96726]  INFO -- : 2:  railties (4.0.2) from /opt/boxen/rbenv/versions/2.0.0-p353/lib/ruby/gems/2.0.0/specifications/railties-4.0.2.gemspec
I, [2014-02-07T19:30:08.227422 #96727]  INFO -- : 3:  sprockets-rails (2.0.1) from /opt/boxen/rbenv/versions/2.0.0-p353/lib/ruby/gems/2.0.0/specifications/sprockets-rails-2.0.1.gemspec
I, [2014-02-07T19:30:08.227514 #96725]  INFO -- : 1:  activerecord (4.0.2) from /opt/boxen/rbenv/versions/2.0.0-p353/lib/ruby/gems/2.0.0/specifications/activerecord-4.0.2.gemspec
I, [2014-02-07T19:30:08.228929 #96724]  INFO -- : 0:  jquery-rails (3.0.4) from /opt/boxen/rbenv/versions/2.0.0-p353/lib/ruby/gems/2.0.0/specifications/jquery-rails-3.0.4.gemspec
I, [2014-02-07T19:30:08.228838 #96726]  INFO -- : 2:  coffee-rails (4.0.1) from /opt/boxen/rbenv/versions/2.0.0-p353/lib/ruby/gems/2.0.0/specifications/coffee-rails-4.0.1.gemspec
I, [2014-02-07T19:30:08.229081 #96727]  INFO -- : 3:  rspec-rails (2.14.1) from /opt/boxen/rbenv/versions/2.0.0-p353/lib/ruby/gems/2.0.0/specifications/rspec-rails-2.14.1.gemspec
I, [2014-02-07T19:30:08.229174 #96725]  INFO -- : 1:  sass-rails (4.0.1) from /opt/boxen/rbenv/versions/2.0.0-p353/lib/ruby/gems/2.0.0/specifications/sass-rails-4.0.1.gemspec
I, [2014-02-07T19:30:08.230861 #96724]  INFO -- : 0:  rails (4.0.2) from /opt/boxen/rbenv/versions/2.0.0-p353/lib/ruby/gems/2.0.0/specifications/rails-4.0.2.gemspec
I, [2014-02-07T19:30:08.231300 #96726]  INFO -- : 2:  turbolinks (2.2.1) from /opt/boxen/rbenv/versions/2.0.0-p353/lib/ruby/gems/2.0.0/specifications/turbolinks-2.2.1.gemspec
I, [2014-02-07T19:30:16.097082 #96761]  INFO -- : 0:  minitest (4.7.5) from /opt/boxen/rbenv/versions/2.0.0-p353/lib/ruby/gems/2.0.0/specifications/minitest-4.7.5.gemspec
I, [2014-02-07T19:30:16.097104 #96762]  INFO -- : 1:  rake (10.1.1) from /opt/boxen/rbenv/versions/2.0.0-p353/lib/ruby/gems/2.0.0/specifications/rake-10.1.1.gemspec
I, [2014-02-07T19:30:16.097175 #96764]  INFO -- : 3:  multi_json (1.8.4) from /opt/boxen/rbenv/versions/2.0.0-p353/lib/ruby/gems/2.0.0/specifications/multi_json-1.8.4.gemspec
I, [2014-02-07T19:30:16.097479 #96763]  INFO -- : 2:  i18n (0.6.9) from /opt/boxen/rbenv/versions/2.0.0-p353/lib/ruby/gems/2.0.0/specifications/i18n-0.6.9.gemspec
I, [2014-02-07T19:30:16.099133 #96761]  INFO -- : 0:  tzinfo (0.3.38) from /opt/boxen/rbenv/versions/2.0.0-p353/lib/ruby/gems/2.0.0/specifications/tzinfo-0.3.38.gemspec
I, [2014-02-07T19:30:16.099156 #96762]  INFO -- : 1:  atomic (1.1.14) from /opt/boxen/rbenv/versions/2.0.0-p353/lib/ruby/gems/2.0.0/specifications/atomic-1.1.14.gemspec
I, [2014-02-07T19:30:16.099570 #96764]  INFO -- : 3:  builder (3.1.4) from /opt/boxen/rbenv/versions/2.0.0-p353/lib/ruby/gems/2.0.0/specifications/builder-3.1.4.gemspec
I, [2014-02-07T19:30:16.100033 #96763]  INFO -- : 2:  erubis (2.7.0) from /opt/boxen/rbenv/versions/2.0.0-p353/lib/ruby/gems/2.0.0/specifications/erubis-2.7.0.gemspec
I, [2014-02-07T19:30:16.100488 #96761]  INFO -- : 0:  rack (1.5.2) from /opt/boxen/rbenv/versions/2.0.0-p353/lib/ruby/gems/2.0.0/specifications/rack-1.5.2.gemspec
I, [2014-02-07T19:30:16.100862 #96762]  INFO -- : 1:  mime-types (1.25.1) from /opt/boxen/rbenv/versions/2.0.0-p353/lib/ruby/gems/2.0.0/specifications/mime-types-1.25.1.gemspec
I, [2014-02-07T19:30:16.101304 #96764]  INFO -- : 3:  polyglot (0.3.3) from /opt/boxen/rbenv/versions/2.0.0-p353/lib/ruby/gems/2.0.0/specifications/polyglot-0.3.3.gemspec
I, [2014-02-07T19:30:16.101593 #96763]  INFO -- : 2:  activerecord-deprecated_finders (1.0.3) from /opt/boxen/rbenv/versions/2.0.0-p353/lib/ruby/gems/2.0.0/specifications/activerecord-deprecated_finders-1.0.3.gemspec
I, [2014-02-07T19:30:16.101977 #96761]  INFO -- : 0:  arel (4.0.2) from /opt/boxen/rbenv/versions/2.0.0-p353/lib/ruby/gems/2.0.0/specifications/arel-4.0.2.gemspec
I, [2014-02-07T19:30:16.102212 #96762]  INFO -- : 1:  coffee-script-source (1.7.0) from /opt/boxen/rbenv/versions/2.0.0-p353/lib/ruby/gems/2.0.0/specifications/coffee-script-source-1.7.0.gemspec
I, [2014-02-07T19:30:16.102635 #96764]  INFO -- : 3:  execjs (2.0.2) from /opt/boxen/rbenv/versions/2.0.0-p353/lib/ruby/gems/2.0.0/specifications/execjs-2.0.2.gemspec
I, [2014-02-07T19:30:16.103226 #96763]  INFO -- : 2:  thor (0.18.1) from /opt/boxen/rbenv/versions/2.0.0-p353/lib/ruby/gems/2.0.0/specifications/thor-0.18.1.gemspec
I, [2014-02-07T19:30:16.103594 #96761]  INFO -- : 0:  diff-lcs (1.2.5) from /opt/boxen/rbenv/versions/2.0.0-p353/lib/ruby/gems/2.0.0/specifications/diff-lcs-1.2.5.gemspec
I, [2014-02-07T19:30:16.104047 #96762]  INFO -- : 1:  hike (1.2.3) from /opt/boxen/rbenv/versions/2.0.0-p353/lib/ruby/gems/2.0.0/specifications/hike-1.2.3.gemspec
I, [2014-02-07T19:30:16.104485 #96764]  INFO -- : 3:  json (1.8.1) from /opt/boxen/rbenv/versions/2.0.0-p353/lib/ruby/gems/2.0.0/specifications/json-1.8.1.gemspec
I, [2014-02-07T19:30:16.104769 #96763]  INFO -- : 2:  bundler (1.5.1) from /opt/boxen/rbenv/versions/2.0.0-p353/lib/ruby/gems/2.0.0/specifications/bundler-1.5.1.gemspec
I, [2014-02-07T19:30:16.105246 #96761]  INFO -- : 0:  tilt (1.4.1) from /opt/boxen/rbenv/versions/2.0.0-p353/lib/ruby/gems/2.0.0/specifications/tilt-1.4.1.gemspec
I, [2014-02-07T19:30:16.105664 #96762]  INFO -- : 1:  rspec-core (2.14.7) from /opt/boxen/rbenv/versions/2.0.0-p353/lib/ruby/gems/2.0.0/specifications/rspec-core-2.14.7.gemspec
I, [2014-02-07T19:30:16.106025 #96764]  INFO -- : 3:  rspec-mocks (2.14.5) from /opt/boxen/rbenv/versions/2.0.0-p353/lib/ruby/gems/2.0.0/specifications/rspec-mocks-2.14.5.gemspec
I, [2014-02-07T19:30:16.106325 #96763]  INFO -- : 2:  sass (3.2.14) from /opt/boxen/rbenv/versions/2.0.0-p353/lib/ruby/gems/2.0.0/specifications/sass-3.2.14.gemspec
I, [2014-02-07T19:30:16.106971 #96761]  INFO -- : 0:  sqlite3 (1.3.8) from /opt/boxen/rbenv/versions/2.0.0-p353/lib/ruby/gems/2.0.0/specifications/sqlite3-1.3.8.gemspec
I, [2014-02-07T19:30:16.107140 #96762]  INFO -- : 1:  thread_safe (0.1.3) from /opt/boxen/rbenv/versions/2.0.0-p353/lib/ruby/gems/2.0.0/specifications/thread_safe-0.1.3.gemspec
I, [2014-02-07T19:30:16.107817 #96764]  INFO -- : 3:  rack-test (0.6.2) from /opt/boxen/rbenv/versions/2.0.0-p353/lib/ruby/gems/2.0.0/specifications/rack-test-0.6.2.gemspec
I, [2014-02-07T19:30:16.108319 #96763]  INFO -- : 2:  treetop (1.4.15) from /opt/boxen/rbenv/versions/2.0.0-p353/lib/ruby/gems/2.0.0/specifications/treetop-1.4.15.gemspec
I, [2014-02-07T19:30:16.108601 #96761]  INFO -- : 0:  coffee-script (2.2.0) from /opt/boxen/rbenv/versions/2.0.0-p353/lib/ruby/gems/2.0.0/specifications/coffee-script-2.2.0.gemspec
I, [2014-02-07T19:30:16.108975 #96762]  INFO -- : 1:  uglifier (2.1.1) from /opt/boxen/rbenv/versions/2.0.0-p353/lib/ruby/gems/2.0.0/specifications/uglifier-2.1.1.gemspec
I, [2014-02-07T19:30:16.109298 #96764]  INFO -- : 3:  rspec-expectations (2.14.5) from /opt/boxen/rbenv/versions/2.0.0-p353/lib/ruby/gems/2.0.0/specifications/rspec-expectations-2.14.5.gemspec
I, [2014-02-07T19:30:16.109634 #96763]  INFO -- : 2:  rdoc (4.1.1) from /opt/boxen/rbenv/versions/2.0.0-p353/lib/ruby/gems/2.0.0/specifications/rdoc-4.1.1.gemspec
I, [2014-02-07T19:30:16.109741 #96761]  INFO -- : 0:  sprockets (2.10.1) from /opt/boxen/rbenv/versions/2.0.0-p353/lib/ruby/gems/2.0.0/specifications/sprockets-2.10.1.gemspec
I, [2014-02-07T19:30:16.110395 #96764]  INFO -- : 3:  activesupport (4.0.2) from /opt/boxen/rbenv/versions/2.0.0-p353/lib/ruby/gems/2.0.0/specifications/activesupport-4.0.2.gemspec
I, [2014-02-07T19:30:16.110691 #96762]  INFO -- : 1:  mail (2.5.4) from /opt/boxen/rbenv/versions/2.0.0-p353/lib/ruby/gems/2.0.0/specifications/mail-2.5.4.gemspec
I, [2014-02-07T19:30:16.111140 #96763]  INFO -- : 2:  sdoc (0.4.0) from /opt/boxen/rbenv/versions/2.0.0-p353/lib/ruby/gems/2.0.0/specifications/sdoc-0.4.0.gemspec
I, [2014-02-07T19:30:16.111795 #96761]  INFO -- : 0:  actionpack (4.0.2) from /opt/boxen/rbenv/versions/2.0.0-p353/lib/ruby/gems/2.0.0/specifications/actionpack-4.0.2.gemspec
I, [2014-02-07T19:30:16.111990 #96762]  INFO -- : 1:  activemodel (4.0.2) from /opt/boxen/rbenv/versions/2.0.0-p353/lib/ruby/gems/2.0.0/specifications/activemodel-4.0.2.gemspec
I, [2014-02-07T19:30:16.112028 #96764]  INFO -- : 3:  jbuilder (1.5.3) from /opt/boxen/rbenv/versions/2.0.0-p353/lib/ruby/gems/2.0.0/specifications/jbuilder-1.5.3.gemspec
I, [2014-02-07T19:30:16.113459 #96763]  INFO -- : 2:  activerecord (4.0.2) from /opt/boxen/rbenv/versions/2.0.0-p353/lib/ruby/gems/2.0.0/specifications/activerecord-4.0.2.gemspec
I, [2014-02-07T19:30:16.113613 #96762]  INFO -- : 1:  railties (4.0.2) from /opt/boxen/rbenv/versions/2.0.0-p353/lib/ruby/gems/2.0.0/specifications/railties-4.0.2.gemspec
I, [2014-02-07T19:30:16.113746 #96764]  INFO -- : 3:  sprockets-rails (2.0.1) from /opt/boxen/rbenv/versions/2.0.0-p353/lib/ruby/gems/2.0.0/specifications/sprockets-rails-2.0.1.gemspec
I, [2014-02-07T19:30:16.113839 #96761]  INFO -- : 0:  actionmailer (4.0.2) from /opt/boxen/rbenv/versions/2.0.0-p353/lib/ruby/gems/2.0.0/specifications/actionmailer-4.0.2.gemspec
I, [2014-02-07T19:30:16.114956 #96762]  INFO -- : 1:  coffee-rails (4.0.1) from /opt/boxen/rbenv/versions/2.0.0-p353/lib/ruby/gems/2.0.0/specifications/coffee-rails-4.0.1.gemspec
I, [2014-02-07T19:30:16.115053 #96763]  INFO -- : 2:  jquery-rails (3.0.4) from /opt/boxen/rbenv/versions/2.0.0-p353/lib/ruby/gems/2.0.0/specifications/jquery-rails-3.0.4.gemspec
I, [2014-02-07T19:30:16.115179 #96764]  INFO -- : 3:  rspec-rails (2.14.1) from /opt/boxen/rbenv/versions/2.0.0-p353/lib/ruby/gems/2.0.0/specifications/rspec-rails-2.14.1.gemspec
I, [2014-02-07T19:30:16.115367 #96761]  INFO -- : 0:  sass-rails (4.0.1) from /opt/boxen/rbenv/versions/2.0.0-p353/lib/ruby/gems/2.0.0/specifications/sass-rails-4.0.1.gemspec
I, [2014-02-07T19:30:16.116367 #96762]  INFO -- : 1:  rails (4.0.2) from /opt/boxen/rbenv/versions/2.0.0-p353/lib/ruby/gems/2.0.0/specifications/rails-4.0.2.gemspec
I, [2014-02-07T19:30:16.116394 #96763]  INFO -- : 2:  turbolinks (2.2.1) from /opt/boxen/rbenv/versions/2.0.0-p353/lib/ruby/gems/2.0.0/specifications/turbolinks-2.2.1.gemspec
I, [2014-02-10T13:55:35.080216 #515]  INFO -- : 2:  rake (10.1.1) from /opt/boxen/rbenv/versions/2.0.0-p353/lib/ruby/gems/2.0.0/specifications/rake-10.1.1.gemspec
I, [2014-02-10T13:55:35.080530 #514]  INFO -- : 1:  minitest (4.7.5) from /opt/boxen/rbenv/versions/2.0.0-p353/lib/ruby/gems/2.0.0/specifications/minitest-4.7.5.gemspec
I, [2014-02-10T13:55:35.081244 #513]  INFO -- : 0:  multi_json (1.8.4) from /opt/boxen/rbenv/versions/2.0.0-p353/lib/ruby/gems/2.0.0/specifications/multi_json-1.8.4.gemspec
I, [2014-02-10T13:55:35.081504 #516]  INFO -- : 3:  i18n (0.6.9) from /opt/boxen/rbenv/versions/2.0.0-p353/lib/ruby/gems/2.0.0/specifications/i18n-0.6.9.gemspec
I, [2014-02-10T13:55:35.083239 #514]  INFO -- : 1:  atomic (1.1.14) from /opt/boxen/rbenv/versions/2.0.0-p353/lib/ruby/gems/2.0.0/specifications/atomic-1.1.14.gemspec
I, [2014-02-10T13:55:35.084071 #515]  INFO -- : 2:  tzinfo (0.3.38) from /opt/boxen/rbenv/versions/2.0.0-p353/lib/ruby/gems/2.0.0/specifications/tzinfo-0.3.38.gemspec
I, [2014-02-10T13:55:35.084584 #513]  INFO -- : 0:  builder (3.1.4) from /opt/boxen/rbenv/versions/2.0.0-p353/lib/ruby/gems/2.0.0/specifications/builder-3.1.4.gemspec
I, [2014-02-10T13:55:35.084945 #516]  INFO -- : 3:  erubis (2.7.0) from /opt/boxen/rbenv/versions/2.0.0-p353/lib/ruby/gems/2.0.0/specifications/erubis-2.7.0.gemspec
I, [2014-02-10T13:55:35.085189 #514]  INFO -- : 1:  rack (1.5.2) from /opt/boxen/rbenv/versions/2.0.0-p353/lib/ruby/gems/2.0.0/specifications/rack-1.5.2.gemspec
I, [2014-02-10T13:55:35.085715 #515]  INFO -- : 2:  mime-types (1.25.1) from /opt/boxen/rbenv/versions/2.0.0-p353/lib/ruby/gems/2.0.0/specifications/mime-types-1.25.1.gemspec
I, [2014-02-10T13:55:35.086244 #513]  INFO -- : 0:  polyglot (0.3.3) from /opt/boxen/rbenv/versions/2.0.0-p353/lib/ruby/gems/2.0.0/specifications/polyglot-0.3.3.gemspec
I, [2014-02-10T13:55:35.086877 #516]  INFO -- : 3:  activerecord-deprecated_finders (1.0.3) from /opt/boxen/rbenv/versions/2.0.0-p353/lib/ruby/gems/2.0.0/specifications/activerecord-deprecated_finders-1.0.3.gemspec
I, [2014-02-10T13:55:35.086965 #514]  INFO -- : 1:  arel (4.0.2) from /opt/boxen/rbenv/versions/2.0.0-p353/lib/ruby/gems/2.0.0/specifications/arel-4.0.2.gemspec
I, [2014-02-10T13:55:35.087560 #515]  INFO -- : 2:  bundler (1.5.1) from /opt/boxen/rbenv/versions/2.0.0-p353/lib/ruby/gems/2.0.0/specifications/bundler-1.5.1.gemspec
I, [2014-02-10T13:55:35.088046 #513]  INFO -- : 0:  coffee-script-source (1.7.0) from /opt/boxen/rbenv/versions/2.0.0-p353/lib/ruby/gems/2.0.0/specifications/coffee-script-source-1.7.0.gemspec
I, [2014-02-10T13:55:35.088419 #516]  INFO -- : 3:  execjs (2.0.2) from /opt/boxen/rbenv/versions/2.0.0-p353/lib/ruby/gems/2.0.0/specifications/execjs-2.0.2.gemspec
I, [2014-02-10T13:55:35.088887 #514]  INFO -- : 1:  thor (0.18.1) from /opt/boxen/rbenv/versions/2.0.0-p353/lib/ruby/gems/2.0.0/specifications/thor-0.18.1.gemspec
I, [2014-02-10T13:55:35.089211 #515]  INFO -- : 2:  diff-lcs (1.2.5) from /opt/boxen/rbenv/versions/2.0.0-p353/lib/ruby/gems/2.0.0/specifications/diff-lcs-1.2.5.gemspec
I, [2014-02-10T13:55:35.089832 #513]  INFO -- : 0:  hike (1.2.3) from /opt/boxen/rbenv/versions/2.0.0-p353/lib/ruby/gems/2.0.0/specifications/hike-1.2.3.gemspec
I, [2014-02-10T13:55:35.090372 #516]  INFO -- : 3:  json (1.8.1) from /opt/boxen/rbenv/versions/2.0.0-p353/lib/ruby/gems/2.0.0/specifications/json-1.8.1.gemspec
I, [2014-02-10T13:55:35.090738 #514]  INFO -- : 1:  tilt (1.4.1) from /opt/boxen/rbenv/versions/2.0.0-p353/lib/ruby/gems/2.0.0/specifications/tilt-1.4.1.gemspec
I, [2014-02-10T13:55:35.091074 #515]  INFO -- : 2:  rspec-core (2.14.7) from /opt/boxen/rbenv/versions/2.0.0-p353/lib/ruby/gems/2.0.0/specifications/rspec-core-2.14.7.gemspec
I, [2014-02-10T13:55:35.091548 #513]  INFO -- : 0:  rspec-mocks (2.14.5) from /opt/boxen/rbenv/versions/2.0.0-p353/lib/ruby/gems/2.0.0/specifications/rspec-mocks-2.14.5.gemspec
I, [2014-02-10T13:55:35.092778 #516]  INFO -- : 3:  sass (3.2.14) from /opt/boxen/rbenv/versions/2.0.0-p353/lib/ruby/gems/2.0.0/specifications/sass-3.2.14.gemspec
I, [2014-02-10T13:55:35.093390 #514]  INFO -- : 1:  sqlite3 (1.3.8) from /opt/boxen/rbenv/versions/2.0.0-p353/lib/ruby/gems/2.0.0/specifications/sqlite3-1.3.8.gemspec
I, [2014-02-10T13:55:35.093803 #515]  INFO -- : 2:  thread_safe (0.1.3) from /opt/boxen/rbenv/versions/2.0.0-p353/lib/ruby/gems/2.0.0/specifications/thread_safe-0.1.3.gemspec
I, [2014-02-10T13:55:35.094480 #513]  INFO -- : 0:  rack-test (0.6.2) from /opt/boxen/rbenv/versions/2.0.0-p353/lib/ruby/gems/2.0.0/specifications/rack-test-0.6.2.gemspec
I, [2014-02-10T13:55:35.094804 #516]  INFO -- : 3:  treetop (1.4.15) from /opt/boxen/rbenv/versions/2.0.0-p353/lib/ruby/gems/2.0.0/specifications/treetop-1.4.15.gemspec
I, [2014-02-10T13:55:35.095717 #514]  INFO -- : 1:  coffee-script (2.2.0) from /opt/boxen/rbenv/versions/2.0.0-p353/lib/ruby/gems/2.0.0/specifications/coffee-script-2.2.0.gemspec
I, [2014-02-10T13:55:35.096361 #515]  INFO -- : 2:  uglifier (2.1.1) from /opt/boxen/rbenv/versions/2.0.0-p353/lib/ruby/gems/2.0.0/specifications/uglifier-2.1.1.gemspec
I, [2014-02-10T13:55:35.097121 #513]  INFO -- : 0:  rspec-expectations (2.14.5) from /opt/boxen/rbenv/versions/2.0.0-p353/lib/ruby/gems/2.0.0/specifications/rspec-expectations-2.14.5.gemspec
I, [2014-02-10T13:55:35.097429 #516]  INFO -- : 3:  rdoc (4.1.1) from /opt/boxen/rbenv/versions/2.0.0-p353/lib/ruby/gems/2.0.0/specifications/rdoc-4.1.1.gemspec
I, [2014-02-10T13:55:35.097481 #514]  INFO -- : 1:  sprockets (2.10.1) from /opt/boxen/rbenv/versions/2.0.0-p353/lib/ruby/gems/2.0.0/specifications/sprockets-2.10.1.gemspec
I, [2014-02-10T13:55:35.097862 #515]  INFO -- : 2:  activesupport (4.0.2) from /opt/boxen/rbenv/versions/2.0.0-p353/lib/ruby/gems/2.0.0/specifications/activesupport-4.0.2.gemspec
I, [2014-02-10T13:55:35.098395 #513]  INFO -- : 0:  mail (2.5.4) from /opt/boxen/rbenv/versions/2.0.0-p353/lib/ruby/gems/2.0.0/specifications/mail-2.5.4.gemspec
I, [2014-02-10T13:55:35.099169 #516]  INFO -- : 3:  sdoc (0.4.0) from /opt/boxen/rbenv/versions/2.0.0-p353/lib/ruby/gems/2.0.0/specifications/sdoc-0.4.0.gemspec
I, [2014-02-10T13:55:35.099571 #515]  INFO -- : 2:  actionpack (4.0.2) from /opt/boxen/rbenv/versions/2.0.0-p353/lib/ruby/gems/2.0.0/specifications/actionpack-4.0.2.gemspec
I, [2014-02-10T13:55:35.099582 #514]  INFO -- : 1:  activemodel (4.0.2) from /opt/boxen/rbenv/versions/2.0.0-p353/lib/ruby/gems/2.0.0/specifications/activemodel-4.0.2.gemspec
I, [2014-02-10T13:55:35.099760 #513]  INFO -- : 0:  jbuilder (1.5.3) from /opt/boxen/rbenv/versions/2.0.0-p353/lib/ruby/gems/2.0.0/specifications/jbuilder-1.5.3.gemspec
I, [2014-02-10T13:55:35.100672 #515]  INFO -- : 2:  actionmailer (4.0.2) from /opt/boxen/rbenv/versions/2.0.0-p353/lib/ruby/gems/2.0.0/specifications/actionmailer-4.0.2.gemspec
I, [2014-02-10T13:55:35.100766 #516]  INFO -- : 3:  railties (4.0.2) from /opt/boxen/rbenv/versions/2.0.0-p353/lib/ruby/gems/2.0.0/specifications/railties-4.0.2.gemspec
I, [2014-02-10T13:55:35.100892 #513]  INFO -- : 0:  sprockets-rails (2.0.1) from /opt/boxen/rbenv/versions/2.0.0-p353/lib/ruby/gems/2.0.0/specifications/sprockets-rails-2.0.1.gemspec
I, [2014-02-10T13:55:35.101379 #514]  INFO -- : 1:  activerecord (4.0.2) from /opt/boxen/rbenv/versions/2.0.0-p353/lib/ruby/gems/2.0.0/specifications/activerecord-4.0.2.gemspec
I, [2014-02-10T13:55:35.102482 #515]  INFO -- : 2:  coffee-rails (4.0.1) from /opt/boxen/rbenv/versions/2.0.0-p353/lib/ruby/gems/2.0.0/specifications/coffee-rails-4.0.1.gemspec
I, [2014-02-10T13:55:35.102765 #516]  INFO -- : 3:  rspec-rails (2.14.1) from /opt/boxen/rbenv/versions/2.0.0-p353/lib/ruby/gems/2.0.0/specifications/rspec-rails-2.14.1.gemspec
I, [2014-02-10T13:55:35.102704 #513]  INFO -- : 0:  jquery-rails (3.0.4) from /opt/boxen/rbenv/versions/2.0.0-p353/lib/ruby/gems/2.0.0/specifications/jquery-rails-3.0.4.gemspec
I, [2014-02-10T13:55:35.102983 #514]  INFO -- : 1:  sass-rails (4.0.1) from /opt/boxen/rbenv/versions/2.0.0-p353/lib/ruby/gems/2.0.0/specifications/sass-rails-4.0.1.gemspec
I, [2014-02-10T13:55:35.104085 #515]  INFO -- : 2:  rails (4.0.2) from /opt/boxen/rbenv/versions/2.0.0-p353/lib/ruby/gems/2.0.0/specifications/rails-4.0.2.gemspec
I, [2014-02-10T13:55:35.104370 #516]  INFO -- : 3:  turbolinks (2.2.1) from /opt/boxen/rbenv/versions/2.0.0-p353/lib/ruby/gems/2.0.0/specifications/turbolinks-2.2.1.gemspec
